<?xml version="1.0" encoding="UTF-8"?>
<!-- Generated by org.testng.reporters.JUnitReportReporter -->
<testsuite hostname="LTIN228261" failures="0" tests="1" name="testCases.TC_001_Book_SUV" time="14.929" errors="0" timestamp="2024-02-29T20:54:30 IST" skipped="0">
  <testcase classname="testCases.TC_001_Book_SUV" name="search" time="14.929"/>
</testsuite> <!-- testCases.TC_001_Book_SUV -->
