<?xml version="1.0" encoding="UTF-8"?>
<!-- Generated by org.testng.reporters.JUnitReportReporter -->
<testsuite hostname="LTIN228261" failures="0" tests="1" name="testCases.TC_003_Count_AdultCount" time="10.294" errors="0" timestamp="2024-03-04T11:52:02 IST" skipped="0">
  <testcase classname="testCases.TC_003_Count_AdultCount" name="adultCount" time="10.294"/>
</testsuite> <!-- testCases.TC_003_Count_AdultCount -->
