<?xml version="1.0" encoding="UTF-8"?>
<!-- Generated by org.testng.reporters.JUnitReportReporter -->
<testsuite hostname="LTIN228261" failures="0" tests="1" name="testCases.TC_002_Gift_Card" time="20.380" errors="0" timestamp="2024-03-04T21:44:41 IST" skipped="0">
  <testcase classname="testCases.TC_002_Gift_Card" name="enter_wrong_info" time="20.380"/>
</testsuite> <!-- testCases.TC_002_Gift_Card -->
