<?xml version="1.0" encoding="UTF-8"?>
<!-- Generated by org.testng.reporters.JUnitReportReporter -->
<testsuite hostname="LTIN228261" failures="0" tests="1" name="testCases.TC_002_Gift_Card" time="38.937" errors="0" timestamp="2024-02-28T07:37:30 IST" skipped="0">
  <testcase classname="testCases.TC_002_Gift_Card" name="enter_wrong_info" time="38.937"/>
</testsuite> <!-- testCases.TC_002_Gift_Card -->
