<?xml version="1.0" encoding="UTF-8"?>
<!-- Generated by org.testng.reporters.JUnitReportReporter -->
<testsuite hostname="LTIN228261" failures="0" tests="1" name="testCases.TC_001_Book_SUV" time="16.728" errors="0" timestamp="2024-02-28T07:37:30 IST" skipped="0">
  <testcase classname="testCases.TC_001_Book_SUV" name="search" time="16.728"/>
</testsuite> <!-- testCases.TC_001_Book_SUV -->
