<?xml version="1.0" encoding="UTF-8"?>
<!-- Generated by org.testng.reporters.JUnitReportReporter -->
<testsuite hostname="LTIN228261" failures="0" tests="1" name="testCases.TC_003_Count_AdultCount" time="2.934" errors="0" timestamp="2024-02-29T20:56:32 IST" skipped="0">
  <testcase classname="testCases.TC_003_Count_AdultCount" name="adultCount" time="2.934"/>
</testsuite> <!-- testCases.TC_003_Count_AdultCount -->
