<?xml version="1.0" encoding="UTF-8"?>
<!-- Generated by org.testng.reporters.JUnitReportReporter -->
<testsuite hostname="LTIN228261" failures="0" tests="1" name="testCases.TC_003_Count_AdultCount" time="2.746" errors="0" timestamp="2024-02-27T09:16:38 IST" skipped="0">
  <testcase classname="testCases.TC_003_Count_AdultCount" name="adultCount" time="2.746"/>
</testsuite> <!-- testCases.TC_003_Count_AdultCount -->
