<?xml version="1.0" encoding="UTF-8"?>
<!-- Generated by org.testng.reporters.JUnitReportReporter -->
<testsuite hostname="LTIN228261" failures="0" tests="1" name="testCases.TC_002_Gift_Card" time="12.256" errors="0" timestamp="2024-02-29T20:56:32 IST" skipped="0">
  <testcase classname="testCases.TC_002_Gift_Card" name="enter_wrong_info" time="12.256"/>
</testsuite> <!-- testCases.TC_002_Gift_Card -->
